[19:22:25] [main/INFO] [LaunchWrapper]: Loading tweak class name net.minecraftforge.fml.common.launcher.FMLServerTweaker
[19:22:25] [main/INFO] [LaunchWrapper]: Using primary tweak class name net.minecraftforge.fml.common.launcher.FMLServerTweaker
[19:22:25] [main/INFO] [LaunchWrapper]: Calling tweak class net.minecraftforge.fml.common.launcher.FMLServerTweaker
[19:22:25] [main/INFO] [FML]: Forge Mod Loader version 14.23.5.2860 for Minecraft 1.12.2 loading
[19:22:25] [main/INFO] [FML]: Java is OpenJDK 64-Bit Server VM, version 1.8.0_432, running on Linux:amd64:6.5.0-1025-azure, installed at /usr/lib/jvm/java-8-openjdk-amd64/jre
[19:22:25] [main/INFO] [FML]: Searching /workspaces/putasio/servidor_minecraft/./mods for mods
[19:22:25] [main/INFO] [FML]: Loading tweaker org.spongepowered.asm.launch.MixinTweaker from [1.12.2] SecurityCraft v1.9.11.jar
[19:22:25] [main/INFO] [FML]: Loading tweaker guichaguri.betterfps.tweaker.BetterFpsTweaker from BetterFps-1.4.8.jar
[19:22:25] [main/WARN] [FML]: The coremod ObfuscatePlugin (com.mrcrayfish.obfuscate.asm.ObfuscatePlugin) is not signed!
[19:22:25] [main/INFO] [FML]: Loading tweaker org.spongepowered.asm.launch.MixinTweaker from spark-unforged-1.11.2-forge.jar
[19:22:25] [main/INFO] [LaunchWrapper]: Loading tweak class name net.minecraftforge.fml.common.launcher.FMLInjectionAndSortingTweaker
[19:22:25] [main/INFO] [LaunchWrapper]: Loading tweak class name org.spongepowered.asm.launch.MixinTweaker
[19:22:25] [main/INFO] [mixin]: SpongePowered MIXIN Subsystem Version=0.8.3 Source=file:/workspaces/putasio/servidor_minecraft/./mods/%5B1.12.2%5D%20SecurityCraft%20v1.9.11.jar Service=LaunchWrapper Env=SERVER
[19:22:25] [main/WARN] [FML]: The coremod SecurityCraftLoadingPlugin (net.geforcemods.securitycraft.SecurityCraftLoadingPlugin) is not signed!
[19:22:25] [main/INFO] [mixin]: Compatibility level set to JAVA_8
[19:22:25] [main/WARN] [FML]: The coremod Spark (me.lucko.spark.forge.mixin.SparkMixinPlugin) is not signed!
[19:22:25] [main/INFO] [LaunchWrapper]: Loading tweak class name guichaguri.betterfps.tweaker.BetterFpsTweaker
[19:22:25] [main/WARN] [LaunchWrapper]: Tweak class name org.spongepowered.asm.launch.MixinTweaker has already been visited -- skipping
[19:22:25] [main/INFO] [LaunchWrapper]: Loading tweak class name net.minecraftforge.fml.common.launcher.FMLDeobfTweaker
[19:22:25] [main/INFO] [LaunchWrapper]: Calling tweak class net.minecraftforge.fml.common.launcher.FMLInjectionAndSortingTweaker
[19:22:25] [main/INFO] [LaunchWrapper]: Calling tweak class net.minecraftforge.fml.common.launcher.FMLInjectionAndSortingTweaker
[19:22:25] [main/INFO] [LaunchWrapper]: Calling tweak class net.minecraftforge.fml.relauncher.CoreModManager$FMLPluginWrapper
[19:22:27] [main/INFO] [FML]: Found valid fingerprint for Minecraft Forge. Certificate fingerprint e3c3d50c7c986df74c645c0ac54639741c90a557
[19:22:27] [main/INFO] [LaunchWrapper]: Calling tweak class net.minecraftforge.fml.relauncher.CoreModManager$FMLPluginWrapper
[19:22:27] [main/INFO] [LaunchWrapper]: Calling tweak class org.spongepowered.asm.launch.MixinTweaker
[19:22:27] [main/INFO] [mixin]: Initialised Mixin FML Remapper Adapter with net.minecraftforge.fml.common.asm.transformers.deobf.FMLDeobfuscatingRemapper@178270b2
[19:22:27] [main/INFO] [LaunchWrapper]: Calling tweak class guichaguri.betterfps.tweaker.BetterFpsTweaker
[19:22:27] [main/INFO] [LaunchWrapper]: Calling tweak class net.minecraftforge.fml.common.launcher.FMLDeobfTweaker
[19:22:27] [main/INFO] [LaunchWrapper]: Calling tweak class net.minecraftforge.fml.relauncher.CoreModManager$FMLPluginWrapper
[19:22:27] [main/INFO] [LaunchWrapper]: Loading tweak class name net.minecraftforge.fml.common.launcher.TerminalTweaker
[19:22:27] [main/INFO] [LaunchWrapper]: Loading tweak class name org.spongepowered.asm.mixin.EnvironmentStateTweaker
[19:22:27] [main/INFO] [LaunchWrapper]: Calling tweak class net.minecraftforge.fml.common.launcher.TerminalTweaker
[19:22:27] [main/INFO] [LaunchWrapper]: Calling tweak class org.spongepowered.asm.mixin.EnvironmentStateTweaker
[19:22:27] [main/INFO] [LaunchWrapper]: Launching wrapped minecraft {net.minecraft.server.MinecraftServer}
[19:22:28] [main/INFO] [BetterFps]: Patching net.minecraft.block.Block... (aow)
[19:22:28] [main/INFO] [BetterFps]: Patching math utils with "RIVENS_HALF" algorithm
[19:22:28] [main/INFO] [BetterFps]: Patching net.minecraft.tileentity.TileEntityBeacon... (avh)
[19:22:28] [main/INFO] [BetterFps]: Patching net.minecraft.block.BlockHopper... (arl)
[19:22:28] [main/INFO] [BetterFps]: Patching net.minecraft.tileentity.TileEntityHopper... (avw)
[19:22:30] [main/INFO] [BetterFps]: Patching net.minecraft.server.dedicated.DedicatedServer... (nz)
[19:22:30] [Server thread/INFO] [net.minecraft.server.dedicated.DedicatedServer]: Starting minecraft server version 1.12.2
[19:22:30] [Server thread/INFO] [FML]: MinecraftForge v14.23.5.2860 Initialized
[19:22:30] [Server thread/INFO] [FML]: Starts to replace vanilla recipe ingredients with ore ingredients.
[19:22:30] [Server thread/INFO] [FML]: Invalid recipe found with multiple oredict ingredients in the same ingredient...
[19:22:30] [Server thread/INFO] [FML]: Replaced 1227 ore ingredients
[19:22:30] [Server thread/WARN] [FML]: Enabling removal of erroring Entities - USE AT YOUR OWN RISK
[19:22:30] [Server thread/WARN] [FML]: Enabling removal of erroring Tile Entities - USE AT YOUR OWN RISK
[19:22:30] [Server thread/INFO] [FML]: Searching /workspaces/putasio/servidor_minecraft/./mods for mods
[19:22:31] [Server thread/WARN] [FML]: Mod securitycraft is missing the required element 'version' and a version.properties file could not be found. Falling back to metadata version v1.9.11
[19:22:31] [Server thread/WARN] [FML]: Mod codechickenlib is missing the required element 'version' and a version.properties file could not be found. Falling back to metadata version 3.2.3.358
[19:22:31] [Server thread/WARN] [FML]: Mod ironchest is missing the required element 'version' and a version.properties file could not be found. Falling back to metadata version 1.12.2-7.0.67.844
[19:22:32] [Server thread/WARN] [FML]: Mod trashslot is missing the required element 'version' and a version.properties file could not be found. Falling back to metadata version 8.4.10
[19:22:32] [Server thread/INFO] [FML]: Forge Mod Loader has identified 39 mods to load
[19:22:32] [Server thread/WARN] [FML]: Missing English translation for FML: assets/fml/lang/en_us.lang
[19:22:32] [Server thread/WARN] [FML]: Missing English translation for buildcraftbuilders: assets/buildcraftbuilders/lang/en_us.lang
[19:22:32] [Server thread/WARN] [FML]: Missing English translation for buildcraftcore: assets/buildcraftcore/lang/en_us.lang
[19:22:32] [Server thread/WARN] [FML]: Missing English translation for buildcraftenergy: assets/buildcraftenergy/lang/en_us.lang
[19:22:32] [Server thread/WARN] [FML]: Missing English translation for buildcraftfactory: assets/buildcraftfactory/lang/en_us.lang
[19:22:32] [Server thread/WARN] [FML]: Missing English translation for buildcraftrobotics: assets/buildcraftrobotics/lang/en_us.lang
[19:22:32] [Server thread/WARN] [FML]: Missing English translation for buildcraftsilicon: assets/buildcraftsilicon/lang/en_us.lang
[19:22:32] [Server thread/WARN] [FML]: Missing English translation for buildcrafttransport: assets/buildcrafttransport/lang/en_us.lang
[19:22:32] [Server thread/WARN] [FML]: Missing English translation for clumps: assets/clumps/lang/en_us.lang
[19:22:32] [Server thread/WARN] [FML]: Missing English translation for codechickenlib: assets/codechickenlib/lang/en_us.lang
[19:22:32] [Server thread/WARN] [FML]: Missing English translation for cofhcore: assets/cofhcore/lang/en_us.lang
[19:22:32] [Server thread/WARN] [FML]: Missing English translation for mantle: assets/mantle/lang/en_us.lang
[19:22:32] [Server thread/WARN] [FML]: Missing English translation for redstoneflux: assets/redstoneflux/lang/en_us.lang
[19:22:32] [Server thread/WARN] [FML]: Missing English translation for sit: assets/sit/lang/en_us.lang
[19:22:32] [Server thread/WARN] [FML]: Missing English translation for spark: assets/spark/lang/en_us.lang
[19:22:33] [Server thread/FATAL] [FML]: net.minecraftforge.fml.common.MissingModsException: Mod playerrevive (Player Revive) requires [creativecore]
[19:22:33] [Server thread/ERROR] [net.minecraft.server.MinecraftServer]: Encountered an unexpected exception
net.minecraftforge.fml.common.MissingModsException: Mod playerrevive (Player Revive) requires [creativecore]
	at net.minecraftforge.fml.common.Loader.sortModList(Loader.java:266) ~[Loader.class:?]
	at net.minecraftforge.fml.common.Loader.loadMods(Loader.java:572) ~[Loader.class:?]
	at net.minecraftforge.fml.server.FMLServerHandler.beginServerLoading(FMLServerHandler.java:98) ~[FMLServerHandler.class:?]
	at net.minecraftforge.fml.common.FMLCommonHandler.onServerStart(FMLCommonHandler.java:333) ~[FMLCommonHandler.class:?]
	at net.minecraft.server.dedicated.DedicatedServer.func_71197_b(DedicatedServer.java:125) ~[nz.class:?]
	at net.minecraft.server.MinecraftServer.run(MinecraftServer.java:486) [MinecraftServer.class:?]
	at java.lang.Thread.run(Thread.java:750) [?:1.8.0_432]
[19:22:33] [Server thread/ERROR] [net.minecraft.server.MinecraftServer]: This crash report has been saved to: /workspaces/putasio/servidor_minecraft/./crash-reports/crash-2024-11-23_19.22.33-server.txt
[19:22:33] [Server thread/INFO] [net.minecraft.server.MinecraftServer]: Stopping server
[19:22:33] [Server thread/INFO] [net.minecraft.server.MinecraftServer]: Saving worlds
[19:22:33] [Server thread/INFO] [FML]: The state engine was in incorrect state CONSTRUCTING and forced into state SERVER_STOPPED. Errors may have been discarded.
[19:22:33] [Server Shutdown Thread/INFO] [net.minecraft.server.MinecraftServer]: Stopping server
[19:22:33] [Server Shutdown Thread/INFO] [net.minecraft.server.MinecraftServer]: Saving worlds
